<?xml version="1.0" encoding="UTF-8" standalone="yes"?><!DOCTYPE report PUBLIC "-//JACOCO//DTD Report 1.1//EN" "report.dtd"><report name="Micronaut Maven Plugin - Plugin"><sessioninfo id="fv-az403-920-7d84193" start="1677091745909" dump="1677091759589"/><sessioninfo id="fv-az403-920-98893919" start="1677091761018" dump="1677091771828"/><sessioninfo id="fv-az403-920-4ff0e52f" start="1677091772661" dump="1677091819489"/><sessioninfo id="fv-az403-920-5e4b888f" start="1677091822633" dump="1677091833755"/><sessioninfo id="fv-az403-920-a5310a72" start="1677091834403" dump="1677091863899"/><sessioninfo id="fv-az403-920-c6cdf380" start="1677091877852" dump="1677091887897"/><sessioninfo id="fv-az403-920-2c6ff9b6" start="1677091864690" dump="1677091889837"/><sessioninfo id="fv-az403-920-657fe4b1" start="1677091890475" dump="1677091900922"/><sessioninfo id="fv-az403-920-63eff44c" start="1677091901536" dump="1677091911454"/><sessioninfo id="fv-az403-920-8a61812a" start="1677091912082" dump="1677091922173"/><sessioninfo id="fv-az403-920-a6812833" start="1677091922984" dump="1677091934044"/><sessioninfo id="fv-az403-920-49fb3fde" start="1677091950394" dump="1677091960490"/><sessioninfo id="fv-az403-920-d49733c7" start="1677091934721" dump="1677091967021"/><sessioninfo id="fv-az403-920-35c86122" start="1677091967935" dump="1677092000123"/><sessioninfo id="fv-az403-920-bfd2fb65" start="1677092018234" dump="1677092027492"/><sessioninfo id="fv-az403-920-a86cd9b0" start="1677092003275" dump="1677092033325"/><sessioninfo id="fv-az403-920-d1731341" start="1677092047075" dump="1677092055914"/><sessioninfo id="fv-az403-920-ccbba8bd" start="1677092033967" dump="1677092060352"/><sessioninfo id="fv-az403-920-397e0876" start="1677092061096" dump="1677092071562"/><sessioninfo id="fv-az403-920-375f3fa4" start="1677092072193" dump="1677092082602"/><sessioninfo id="fv-az403-920-fc57bf82" start="1677092083258" dump="1677092114888"/><sessioninfo id="fv-az403-920-50c24f28" start="1677092117985" dump="1677092129414"/><sessioninfo id="fv-az403-920-8062f4fc" start="1677092130016" dump="1677092346570"/><sessioninfo id="fv-az403-920-4589d459" start="1677092347290" dump="1677092361397"/><sessioninfo id="fv-az403-920-3de35b3a" start="1677092361965" dump="1677092393849"/><sessioninfo id="fv-az403-920-51246611" start="1677092396926" dump="1677092425329"/><sessioninfo id="fv-az403-920-94ec78db" start="1677092428357" dump="1677092460470"/><sessioninfo id="fv-az403-920-681913f5" start="1677092463512" dump="1677092479550"/><sessioninfo id="fv-az403-920-726b5ffc" start="1677092494125" dump="1677092504039"/><sessioninfo id="fv-az403-920-31b350b5" start="1677092480084" dump="1677092510655"/><sessioninfo id="fv-az403-920-55c9ff6f" start="1677092526343" dump="1677092536131"/><sessioninfo id="fv-az403-920-798c8591" start="1677092511307" dump="1677092542723"/><sessioninfo id="fv-az403-920-da1a667e" start="1677092543401" dump="1677092561264"/><sessioninfo id="fv-az403-920-f6e212ba" start="1677092561886" dump="1677092571851"/><sessioninfo id="fv-az403-920-c07bda17" start="1677092572440" dump="1677092586308"/><sessioninfo id="fv-az403-920-42a4b0ab" start="1677092586993" dump="1677092782430"/><group name="micronaut-maven-core"><package name="io/micronaut/maven/services"><class name="io/micronaut/maven/services/ApplicationConfigurationService" sourcefilename="ApplicationConfigurationService.java"><method name="&lt;init&gt;" desc="(Lorg/apache/maven/project/MavenProject;)V" line="46"><counter type="INSTRUCTION" missed="0" covered="10"/><counter type="LINE" missed="0" covered="4"/><counter type="COMPLEXITY" missed="0" covered="1"/><counter type="METHOD" missed="0" covered="1"/></method><method name="getServerPort" desc="()Ljava/lang/String;" line="58"><counter type="INSTRUCTION" missed="0" covered="11"/><counter type="LINE" missed="0" covered="1"/><counter type="COMPLEXITY" missed="0" covered="1"/><counter type="METHOD" missed="0" covered="1"/></method><method name="parseApplicationConfiguration" desc="()Ljava/util/Map;" line="62"><counter type="INSTRUCTION" missed="0" covered="97"/><counter type="BRANCH" missed="0" covered="6"/><counter type="LINE" missed="0" covered="11"/><counter type="COMPLEXITY" missed="0" covered="4"/><counter type="METHOD" missed="0" covered="1"/></method><counter type="INSTRUCTION" missed="0" covered="118"/><counter type="BRANCH" missed="0" covered="6"/><counter type="LINE" missed="0" covered="16"/><counter type="COMPLEXITY" missed="0" covered="6"/><counter type="METHOD" missed="0" covered="3"/><counter type="CLASS" missed="0" covered="1"/></class><sourcefile name="ApplicationConfigurationService.java"><line nr="46" mi="0" ci="2" mb="0" cb="0"/><line nr="47" mi="0" ci="3" mb="0" cb="0"/><line nr="48" mi="0" ci="4" mb="0" cb="0"/><line nr="49" mi="0" ci="1" mb="0" cb="0"/><line nr="58" mi="0" ci="11" mb="0" cb="0"/><line nr="62" mi="0" ci="4" mb="0" cb="0"/><line nr="64" mi="0" ci="15" mb="0" cb="0"/><line nr="69" mi="0" ci="16" mb="0" cb="2"/><line nr="70" mi="0" ci="14" mb="0" cb="0"/><line nr="71" mi="0" ci="3" mb="0" cb="2"/><line nr="72" mi="0" ci="4" mb="0" cb="0"/><line nr="73" mi="0" ci="4" mb="0" cb="0"/><line nr="77" mi="0" ci="15" mb="0" cb="0"/><line nr="81" mi="0" ci="16" mb="0" cb="2"/><line nr="82" mi="0" ci="4" mb="0" cb="0"/><line nr="85" mi="0" ci="2" mb="0" cb="0"/><counter type="INSTRUCTION" missed="0" covered="118"/><counter type="BRANCH" missed="0" covered="6"/><counter type="LINE" missed="0" covered="16"/><counter type="COMPLEXITY" missed="0" covered="6"/><counter type="METHOD" missed="0" covered="3"/><counter type="CLASS" missed="0" covered="1"/></sourcefile><counter type="INSTRUCTION" missed="0" covered="118"/><counter type="BRANCH" missed="0" covered="6"/><counter type="LINE" missed="0" covered="16"/><counter type="COMPLEXITY" missed="0" covered="6"/><counter type="METHOD" missed="0" covered="3"/><counter type="CLASS" missed="0" covered="1"/></package><package name="io/micronaut/maven/core"><class name="io/micronaut/maven/core/MicronautRuntime" sourcefilename="MicronautRuntime.java"><method name="&lt;init&gt;" desc="(Ljava/lang/String;I)V" line="76"><counter type="INSTRUCTION" missed="0" covered="8"/><counter type="LINE" missed="0" covered="3"/><counter type="COMPLEXITY" missed="0" covered="1"/><counter type="METHOD" missed="0" covered="1"/></method><method name="&lt;init&gt;" desc="(Ljava/lang/String;ILio/micronaut/maven/core/DockerBuildStrategy;)V" line="80"><counter type="INSTRUCTION" missed="0" covered="8"/><counter type="LINE" missed="0" covered="3"/><counter type="COMPLEXITY" missed="0" covered="1"/><counter type="METHOD" missed="0" covered="1"/></method><method name="getBuildStrategy" desc="()Lio/micronaut/maven/core/DockerBuildStrategy;" line="88"><counter type="INSTRUCTION" missed="0" covered="3"/><counter type="LINE" missed="0" covered="1"/><counter type="COMPLEXITY" missed="0" covered="1"/><counter type="METHOD" missed="0" covered="1"/></method><method name="&lt;clinit&gt;" desc="()V" line="25"><counter type="INSTRUCTION" missed="0" covered="59"/><counter type="LINE" missed="0" covered="10"/><counter type="COMPLEXITY" missed="0" covered="1"/><counter type="METHOD" missed="0" covered="1"/></method><counter type="INSTRUCTION" missed="0" covered="78"/><counter type="LINE" missed="0" covered="17"/><counter type="COMPLEXITY" missed="0" covered="4"/><counter type="METHOD" missed="0" covered="4"/><counter type="CLASS" missed="0" covered="1"/></class><class name="io/micronaut/maven/core/DockerBuildStrategy" sourcefilename="DockerBuildStrategy.java"><method name="&lt;clinit&gt;" desc="()V" line="24"><counter type="INSTRUCTION" missed="0" covered="21"/><counter type="LINE" missed="0" covered="4"/><counter type="COMPLEXITY" missed="0" covered="1"/><counter type="METHOD" missed="0" covered="1"/></method><counter type="INSTRUCTION" missed="0" covered="21"/><counter type="LINE" missed="0" covered="4"/><counter type="COMPLEXITY" missed="0" covered="1"/><counter type="METHOD" missed="0" covered="1"/><counter type="CLASS" missed="0" covered="1"/></class><sourcefile name="MicronautRuntime.java"><line nr="25" mi="0" ci="3" mb="0" cb="0"/><line nr="30" mi="0" ci="6" mb="0" cb="0"/><line nr="35" mi="0" ci="6" mb="0" cb="0"/><line nr="40" mi="0" ci="6" mb="0" cb="0"/><line nr="45" mi="0" ci="6" mb="0" cb="0"/><line nr="50" mi="0" ci="6" mb="0" cb="0"/><line nr="55" mi="0" ci="7" mb="0" cb="0"/><line nr="60" mi="0" ci="7" mb="0" cb="0"/><line nr="65" mi="0" ci="6" mb="0" cb="0"/><line nr="70" mi="0" ci="6" mb="0" cb="0"/><line nr="76" mi="0" ci="4" mb="0" cb="0"/><line nr="77" mi="0" ci="3" mb="0" cb="0"/><line nr="78" mi="0" ci="1" mb="0" cb="0"/><line nr="80" mi="0" ci="4" mb="0" cb="0"/><line nr="81" mi="0" ci="3" mb="0" cb="0"/><line nr="82" mi="0" ci="1" mb="0" cb="0"/><line nr="88" mi="0" ci="3" mb="0" cb="0"/><counter type="INSTRUCTION" missed="0" covered="78"/><counter type="LINE" missed="0" covered="17"/><counter type="COMPLEXITY" missed="0" covered="4"/><counter type="METHOD" missed="0" covered="4"/><counter type="CLASS" missed="0" covered="1"/></sourcefile><sourcefile name="DockerBuildStrategy.java"><line nr="24" mi="0" ci="3" mb="0" cb="0"/><line nr="28" mi="0" ci="6" mb="0" cb="0"/><line nr="32" mi="0" ci="6" mb="0" cb="0"/><line nr="36" mi="0" ci="6" mb="0" cb="0"/><counter type="INSTRUCTION" missed="0" covered="21"/><counter type="LINE" missed="0" covered="4"/><counter type="COMPLEXITY" missed="0" covered="1"/><counter type="METHOD" missed="0" covered="1"/><counter type="CLASS" missed="0" covered="1"/></sourcefile><counter type="INSTRUCTION" missed="0" covered="99"/><counter type="LINE" missed="0" covered="21"/><counter type="COMPLEXITY" missed="0" covered="5"/><counter type="METHOD" missed="0" covered="5"/><counter type="CLASS" missed="0" covered="2"/></package><counter type="INSTRUCTION" missed="0" covered="217"/><counter type="BRANCH" missed="0" covered="6"/><counter type="LINE" missed="0" covered="37"/><counter type="COMPLEXITY" missed="0" covered="11"/><counter type="METHOD" missed="0" covered="8"/><counter type="CLASS" missed="0" covered="3"/></group><group name="micronaut-maven-jib-integration"><package name="io/micronaut/maven/jib"><class name="io/micronaut/maven/jib/JibMicronautExtension" sourcefilename="JibMicronautExtension.java"><method name="&lt;init&gt;" desc="()V" line="36"><counter type="INSTRUCTION" missed="0" covered="3"/><counter type="LINE" missed="0" covered="1"/><counter type="COMPLEXITY" missed="0" covered="1"/><counter type="METHOD" missed="0" covered="1"/></method><method name="getExtraConfigType" desc="()Ljava/util/Optional;" line="43"><counter type="INSTRUCTION" missed="0" covered="2"/><counter type="LINE" missed="0" covered="1"/><counter type="COMPLEXITY" missed="0" covered="1"/><counter type="METHOD" missed="0" covered="1"/></method><method name="extendContainerBuildPlan" desc="(Lcom/google/cloud/tools/jib/api/buildplan/ContainerBuildPlan;Ljava/util/Map;Ljava/util/Optional;Lcom/google/cloud/tools/jib/maven/extension/MavenData;Lcom/google/cloud/tools/jib/plugins/extension/ExtensionLogger;)Lcom/google/cloud/tools/jib/api/buildplan/ContainerBuildPlan;" line="51"><counter type="INSTRUCTION" missed="73" covered="60"/><counter type="BRANCH" missed="7" covered="2"/><counter type="LINE" missed="19" covered="13"/><counter type="COMPLEXITY" missed="5" covered="1"/><counter type="METHOD" missed="0" covered="1"/></method><method name="buildProjectFnEntrypoint" desc="()Ljava/util/List;" line="100"><counter type="INSTRUCTION" missed="0" covered="55"/><counter type="LINE" missed="0" covered="14"/><counter type="COMPLEXITY" missed="0" covered="1"/><counter type="METHOD" missed="0" covered="1"/></method><method name="determineProjectFnVersion" desc="()Ljava/lang/String;" line="117"><counter type="INSTRUCTION" missed="2" covered="12"/><counter type="BRANCH" missed="1" covered="1"/><counter type="LINE" missed="1" covered="3"/><counter type="COMPLEXITY" missed="1" covered="1"/><counter type="METHOD" missed="0" covered="1"/></method><method name="remapLayer" desc="(Lcom/google/cloud/tools/jib/api/buildplan/LayerObject;)Lcom/google/cloud/tools/jib/api/buildplan/LayerObject;" line="126"><counter type="INSTRUCTION" missed="31" covered="0"/><counter type="BRANCH" missed="2" covered="0"/><counter type="LINE" missed="6" covered="0"/><counter type="COMPLEXITY" missed="2" covered="0"/><counter type="METHOD" missed="1" covered="0"/></method><method name="remapEntry" desc="(Lcom/google/cloud/tools/jib/api/buildplan/FileEntry;Ljava/lang/String;)Lcom/google/cloud/tools/jib/api/buildplan/FileEntry;" line="136"><counter type="INSTRUCTION" missed="38" covered="0"/><counter type="BRANCH" missed="2" covered="0"/><counter type="LINE" missed="6" covered="0"/><counter type="COMPLEXITY" missed="2" covered="0"/><counter type="METHOD" missed="1" covered="0"/></method><counter type="INSTRUCTION" missed="144" covered="132"/><counter type="BRANCH" missed="12" covered="3"/><counter type="LINE" missed="32" covered="32"/><counter type="COMPLEXITY" missed="10" covered="5"/><counter type="METHOD" missed="2" covered="5"/><counter type="CLASS" missed="0" covered="1"/></class><class name="io/micronaut/maven/jib/JibConfigurationService" sourcefilename="JibConfigurationService.java"><method name="&lt;init&gt;" desc="(Lorg/apache/maven/project/MavenProject;)V" line="48"><counter type="INSTRUCTION" missed="0" covered="29"/><counter type="BRANCH" missed="2" covered="2"/><counter type="LINE" missed="0" covered="7"/><counter type="COMPLEXITY" missed="2" covered="1"/><counter type="METHOD" missed="0" covered="1"/></method><method name="getToImage" desc="()Ljava/util/Optional;" line="62"><counter type="INSTRUCTION" missed="6" covered="19"/><counter type="BRANCH" missed="2" covered="2"/><counter type="LINE" missed="2" covered="5"/><counter type="COMPLEXITY" missed="2" covered="1"/><counter type="METHOD" missed="0" covered="1"/></method><method name="getFromImage" desc="()Ljava/util/Optional;" line="78"><counter type="INSTRUCTION" missed="4" covered="21"/><counter type="BRANCH" missed="1" covered="3"/><counter type="LINE" missed="1" covered="6"/><counter type="COMPLEXITY" missed="1" covered="2"/><counter type="METHOD" missed="0" covered="1"/></method><method name="getTags" desc="()Ljava/util/Set;" line="93"><counter type="INSTRUCTION" missed="19" covered="24"/><counter type="BRANCH" missed="6" covered="4"/><counter type="LINE" missed="4" covered="9"/><counter type="COMPLEXITY" missed="5" covered="1"/><counter type="METHOD" missed="0" covered="1"/></method><method name="getCredentials" desc="()Ljava/util/Optional;" line="117"><counter type="INSTRUCTION" missed="51" covered="0"/><counter type="BRANCH" missed="12" covered="0"/><counter type="LINE" missed="13" covered="0"/><counter type="COMPLEXITY" missed="7" covered="0"/><counter type="METHOD" missed="1" covered="0"/></method><method name="getWorkingDirectory" desc="()Ljava/util/Optional;" line="141"><counter type="INSTRUCTION" missed="22" covered="0"/><counter type="BRANCH" missed="6" covered="0"/><counter type="LINE" missed="5" covered="0"/><counter type="COMPLEXITY" missed="4" covered="0"/><counter type="METHOD" missed="1" covered="0"/></method><method name="getArgs" desc="()Ljava/util/List;" line="154"><counter type="INSTRUCTION" missed="51" covered="0"/><counter type="BRANCH" missed="8" covered="0"/><counter type="LINE" missed="10" covered="0"/><counter type="COMPLEXITY" missed="5" covered="0"/><counter type="METHOD" missed="1" covered="0"/></method><method name="parseCommaSeparatedList" desc="(Ljava/lang/String;)Ljava/util/Set;" line="172"><counter type="INSTRUCTION" missed="33" covered="0"/><counter type="BRANCH" missed="2" covered="0"/><counter type="LINE" missed="5" covered="0"/><counter type="COMPLEXITY" missed="2" covered="0"/><counter type="METHOD" missed="1" covered="0"/></method><counter type="INSTRUCTION" missed="186" covered="93"/><counter type="BRANCH" missed="39" covered="11"/><counter type="LINE" missed="40" covered="27"/><counter type="COMPLEXITY" missed="28" covered="5"/><counter type="METHOD" missed="4" covered="4"/><counter type="CLASS" missed="0" covered="1"/></class><sourcefile name="JibConfigurationService.java"><line nr="48" mi="0" ci="2" mb="0" cb="0"/><line nr="49" mi="0" ci="4" mb="0" cb="0"/><line nr="50" mi="0" ci="5" mb="2" cb="2"/><line nr="51" mi="0" ci="5" mb="0" cb="0"/><line nr="52" mi="0" ci="6" mb="0" cb="0"/><line nr="53" mi="0" ci="6" mb="0" cb="0"/><line nr="55" mi="0" ci="1" mb="0" cb="0"/><line nr="62" mi="0" ci="4" mb="0" cb="0"/><line nr="63" mi="0" ci="2" mb="1" cb="1"/><line nr="64" mi="4" ci="0" mb="0" cb="0"/><line nr="65" mi="0" ci="3" mb="1" cb="1"/><line nr="66" mi="0" ci="8" mb="0" cb="0"/><line nr="68" mi="2" ci="0" mb="0" cb="0"/><line nr="70" mi="0" ci="2" mb="0" cb="0"/><line nr="78" mi="0" ci="4" mb="0" cb="0"/><line nr="79" mi="0" ci="2" mb="1" cb="1"/><line nr="80" mi="4" ci="0" mb="0" cb="0"/><line nr="81" mi="0" ci="3" mb="0" cb="2"/><line nr="82" mi="0" ci="8" mb="0" cb="0"/><line nr="84" mi="0" ci="2" mb="0" cb="0"/><line nr="86" mi="0" ci="2" mb="0" cb="0"/><line nr="93" mi="0" ci="2" mb="0" cb="0"/><line nr="94" mi="0" ci="4" mb="0" cb="0"/><line nr="95" mi="0" ci="2" mb="1" cb="1"/><line nr="96" mi="7" ci="0" mb="0" cb="0"/><line nr="98" mi="0" ci="3" mb="1" cb="1"/><line nr="99" mi="0" ci="5" mb="0" cb="0"/><line nr="100" mi="3" ci="2" mb="3" cb="1"/><line nr="101" mi="4" ci="0" mb="0" cb="0"/><line nr="102" mi="1" ci="0" mb="0" cb="0"/><line nr="103" mi="4" ci="0" mb="0" cb="0"/><line nr="106" mi="0" ci="2" mb="1" cb="1"/><line nr="107" mi="0" ci="2" mb="0" cb="0"/><line nr="110" mi="0" ci="2" mb="0" cb="0"/><line nr="117" mi="2" ci="0" mb="0" cb="0"/><line nr="118" mi="4" ci="0" mb="0" cb="0"/><line nr="119" mi="4" ci="0" mb="0" cb="0"/><line nr="120" mi="4" ci="0" mb="4" cb="0"/><line nr="121" mi="6" ci="0" mb="0" cb="0"/><line nr="123" mi="3" ci="0" mb="2" cb="0"/><line nr="124" mi="5" ci="0" mb="0" cb="0"/><line nr="125" mi="2" ci="0" mb="2" cb="0"/><line nr="126" mi="4" ci="0" mb="0" cb="0"/><line nr="127" mi="4" ci="0" mb="0" cb="0"/><line nr="128" mi="4" ci="0" mb="4" cb="0"/><line nr="129" mi="7" ci="0" mb="0" cb="0"/><line nr="134" mi="2" ci="0" mb="0" cb="0"/><line nr="141" mi="3" ci="0" mb="2" cb="0"/><line nr="142" mi="5" ci="0" mb="0" cb="0"/><line nr="143" mi="6" ci="0" mb="4" cb="0"/><line nr="144" mi="6" ci="0" mb="0" cb="0"/><line nr="147" mi="2" ci="0" mb="0" cb="0"/><line nr="154" mi="4" ci="0" mb="0" cb="0"/><line nr="155" mi="3" ci="0" mb="2" cb="0"/><line nr="156" mi="5" ci="0" mb="0" cb="0"/><line nr="157" mi="2" ci="0" mb="2" cb="0"/><line nr="158" mi="4" ci="0" mb="0" cb="0"/><line nr="159" mi="3" ci="0" mb="2" cb="0"/><line nr="160" mi="18" ci="0" mb="2" cb="0"/><line nr="161" mi="5" ci="0" mb="0" cb="0"/><line nr="164" mi="5" ci="0" mb="0" cb="0"/><line nr="168" mi="2" ci="0" mb="0" cb="0"/><line nr="172" mi="4" ci="0" mb="0" cb="0"/><line nr="173" mi="6" ci="0" mb="0" cb="0"/><line nr="174" mi="16" ci="0" mb="2" cb="0"/><line nr="175" mi="5" ci="0" mb="0" cb="0"/><line nr="177" mi="2" ci="0" mb="0" cb="0"/><counter type="INSTRUCTION" missed="186" covered="93"/><counter type="BRANCH" missed="39" covered="11"/><counter type="LINE" missed="40" covered="27"/><counter type="COMPLEXITY" missed="28" covered="5"/><counter type="METHOD" missed="4" covered="4"/><counter type="CLASS" missed="0" covered="1"/></sourcefile><sourcefile name="JibMicronautExtension.java"><line nr="36" mi="0" ci="3" mb="0" cb="0"/><line nr="43" mi="0" ci="2" mb="0" cb="0"/><line nr="51" mi="0" ci="3" mb="0" cb="0"/><line nr="52" mi="0" ci="9" mb="0" cb="0"/><line nr="54" mi="0" ci="6" mb="0" cb="0"/><line nr="55" mi="0" ci="6" mb="0" cb="0"/><line nr="57" mi="0" ci="4" mb="0" cb="0"/><line nr="59" mi="0" ci="6" mb="0" cb="0"/><line nr="61" mi="0" ci="4" mb="0" cb="0"/><line nr="62" mi="0" ci="2" mb="1" cb="1"/><line nr="63" mi="0" ci="5" mb="0" cb="0"/><line nr="64" mi="0" ci="5" mb="0" cb="0"/><line nr="66" mi="1" ci="0" mb="0" cb="0"/><line nr="68" mi="4" ci="0" mb="0" cb="0"/><line nr="69" mi="0" ci="1" mb="0" cb="0"/><line nr="71" mi="0" ci="6" mb="2" cb="1"/><line nr="73" mi="3" ci="0" mb="0" cb="0"/><line nr="74" mi="4" ci="0" mb="0" cb="0"/><line nr="75" mi="10" ci="0" mb="2" cb="0"/><line nr="76" mi="6" ci="0" mb="0" cb="0"/><line nr="77" mi="1" ci="0" mb="0" cb="0"/><line nr="78" mi="3" ci="0" mb="0" cb="0"/><line nr="79" mi="3" ci="0" mb="2" cb="0"/><line nr="80" mi="3" ci="0" mb="0" cb="0"/><line nr="82" mi="5" ci="0" mb="0" cb="0"/><line nr="83" mi="6" ci="0" mb="0" cb="0"/><line nr="84" mi="3" ci="0" mb="0" cb="0"/><line nr="85" mi="2" ci="0" mb="0" cb="0"/><line nr="86" mi="1" ci="0" mb="0" cb="0"/><line nr="88" mi="3" ci="0" mb="0" cb="0"/><line nr="89" mi="10" ci="0" mb="0" cb="0"/><line nr="90" mi="4" ci="0" mb="0" cb="0"/><line nr="91" mi="1" ci="0" mb="0" cb="0"/><line nr="96" mi="0" ci="3" mb="0" cb="0"/><line nr="100" mi="0" ci="5" mb="0" cb="0"/><line nr="101" mi="0" ci="4" mb="0" cb="0"/><line nr="102" mi="0" ci="4" mb="0" cb="0"/><line nr="103" mi="0" ci="4" mb="0" cb="0"/><line nr="104" mi="0" ci="4" mb="0" cb="0"/><line nr="105" mi="0" ci="4" mb="0" cb="0"/><line nr="106" mi="0" ci="4" mb="0" cb="0"/><line nr="107" mi="0" ci="4" mb="0" cb="0"/><line nr="108" mi="0" ci="4" mb="0" cb="0"/><line nr="109" mi="0" ci="4" mb="0" cb="0"/><line nr="110" mi="0" ci="4" mb="0" cb="0"/><line nr="111" mi="0" ci="4" mb="0" cb="0"/><line nr="112" mi="0" ci="4" mb="0" cb="0"/><line nr="113" mi="0" ci="2" mb="0" cb="0"/><line nr="117" mi="0" ci="6" mb="0" cb="0"/><line nr="118" mi="0" ci="4" mb="1" cb="1"/><line nr="119" mi="0" ci="2" mb="0" cb="0"/><line nr="121" mi="2" ci="0" mb="0" cb="0"/><line nr="126" mi="3" ci="0" mb="0" cb="0"/><line nr="127" mi="5" ci="0" mb="0" cb="0"/><line nr="128" mi="11" ci="0" mb="2" cb="0"/><line nr="129" mi="8" ci="0" mb="0" cb="0"/><line nr="130" mi="1" ci="0" mb="0" cb="0"/><line nr="132" mi="3" ci="0" mb="0" cb="0"/><line nr="136" mi="5" ci="0" mb="0" cb="0"/><line nr="138" mi="4" ci="0" mb="2" cb="0"/><line nr="139" mi="11" ci="0" mb="0" cb="0"/><line nr="142" mi="5" ci="0" mb="0" cb="0"/><line nr="145" mi="9" ci="0" mb="0" cb="0"/><line nr="146" mi="4" ci="0" mb="0" cb="0"/><counter type="INSTRUCTION" missed="144" covered="132"/><counter type="BRANCH" missed="12" covered="3"/><counter type="LINE" missed="32" covered="32"/><counter type="COMPLEXITY" missed="10" covered="5"/><counter type="METHOD" missed="2" covered="5"/><counter type="CLASS" missed="0" covered="1"/></sourcefile><counter type="INSTRUCTION" missed="330" covered="225"/><counter type="BRANCH" missed="51" covered="14"/><counter type="LINE" missed="72" covered="59"/><counter type="COMPLEXITY" missed="38" covered="10"/><counter type="METHOD" missed="6" covered="9"/><counter type="CLASS" missed="0" covered="2"/></package><counter type="INSTRUCTION" missed="330" covered="225"/><counter type="BRANCH" missed="51" covered="14"/><counter type="LINE" missed="72" covered="59"/><counter type="COMPLEXITY" missed="38" covered="10"/><counter type="METHOD" missed="6" covered="9"/><counter type="CLASS" missed="0" covered="2"/></group><counter type="INSTRUCTION" missed="330" covered="442"/><counter type="BRANCH" missed="51" covered="20"/><counter type="LINE" missed="72" covered="96"/><counter type="COMPLEXITY" missed="38" covered="21"/><counter type="METHOD" missed="6" covered="17"/><counter type="CLASS" missed="0" covered="5"/></report>